11:23:02.308 ERROR com.dukascopy.api.impl.connect.AuthorizationClient - Unauthorized
HttpServerResponse [response=Unauthorized, responseCode=401, headerFields={Transfer-Encoding=[chunked], null=[HTTP/1.1 401 Unauthorized], CF-RAY=[275889e3a0871055-CDG], Server=[cloudflare-nginx], Connection=[keep-alive], Pragma=[no-cache], Last-Modified=[Tue, 16 Feb 2016 10:23:42 GMT], StatusCode=[401], Date=[Tue, 16 Feb 2016 10:23:45 GMT], StatusMessage=[401: Auth failed], Cache-Control=[no-cache, must-revalidate, no-store, max-age=0], Set-Cookie=[__cfduid=d20661a5a6fcc520da9a76e906ecbe0581455618222; expires=Wed, 15-Feb-17 10:23:42 GMT; path=/; domain=.dukascopy.com; HttpOnly], Expires=[Thu, 01 Jan 1970 00:00:00 GMT], Content-Type=[text/html;charset=UTF-8]}]
	at com.dukascopy.auth.client.http.HttpSRPClientProtocol.performStep1(HttpSRPClientProtocol.java:155)
	at com.dukascopy.auth.client.SRPAuthClient.step1(SRPAuthClient.java:205)
	at com.dukascopy.auth.client.SRPAuthClient.authenticate(SRPAuthClient.java:57)
	at com.dukascopy.api.impl.connect.AuthorizationClient.getAPIsAndTicketUsingLogin_SRP6(AuthorizationClient.java:680)
	at com.dukascopy.api.impl.connect.TesterClientImpl.authenticateAPI(TesterClientImpl.java:492)
	at com.dukascopy.api.impl.connect.TesterClientImpl.connect(TesterClientImpl.java:272)
	at com.dukascopy.api.impl.connect.TesterClientImpl.connect(TesterClientImpl.java:263)
	at singlejartest.TesterMain.main(TesterMain.java:102)
12:58:00.017 ERROR com.dukascopy.api.impl.connect.AuthorizationClient - Unauthorized
HttpServerResponse [response=Unauthorized, responseCode=401, headerFields={Transfer-Encoding=[chunked], null=[HTTP/1.1 401 Unauthorized], CF-RAY=[275914fcf3ae3c71-CDG], Server=[cloudflare-nginx], Connection=[keep-alive], Pragma=[no-cache], Last-Modified=[Tue, 16 Feb 2016 11:58:40 GMT], StatusCode=[401], Date=[Tue, 16 Feb 2016 11:58:43 GMT], StatusMessage=[401: Auth failed], Cache-Control=[no-cache, must-revalidate, no-store, max-age=0], Set-Cookie=[__cfduid=dee7e1f71ba12f164faaa6622b5326eb21455623920; expires=Wed, 15-Feb-17 11:58:40 GMT; path=/; domain=.dukascopy.com; HttpOnly], Expires=[Thu, 01 Jan 1970 00:00:00 GMT], Content-Type=[text/html;charset=UTF-8]}]
	at com.dukascopy.auth.client.http.HttpSRPClientProtocol.performStep1(HttpSRPClientProtocol.java:155)
	at com.dukascopy.auth.client.SRPAuthClient.step1(SRPAuthClient.java:205)
	at com.dukascopy.auth.client.SRPAuthClient.authenticate(SRPAuthClient.java:57)
	at com.dukascopy.api.impl.connect.AuthorizationClient.getAPIsAndTicketUsingLogin_SRP6(AuthorizationClient.java:680)
	at com.dukascopy.api.impl.connect.TesterClientImpl.authenticateAPI(TesterClientImpl.java:492)
	at com.dukascopy.api.impl.connect.TesterClientImpl.connect(TesterClientImpl.java:272)
	at com.dukascopy.api.impl.connect.TesterClientImpl.connect(TesterClientImpl.java:263)
	at singlejartest.TesterMain.main(TesterMain.java:102)
13:20:28.822 WARN  com.dukascopy.api.instrument.InstrumentParser - Unknown minimal trade amount for the instrument [AUD/JPY], using default - 1
13:20:28.881 WARN  com.dukascopy.api.instrument.InstrumentParser - Unknown trade amount increment for the instrument [NZD/CAD], using default - 1
13:20:28.881 WARN  com.dukascopy.api.instrument.InstrumentParser - Unknown minimal trade amount for the instrument [NZD/CAD], using default - 1
13:20:28.881 WARN  com.dukascopy.api.instrument.InstrumentParser - Unknown trade amount increment for the instrument [HKG.IDX/HKD], using default - 1
13:20:28.882 WARN  com.dukascopy.api.instrument.InstrumentParser - Unknown trade amount increment for the instrument [EUR/DKK], using default - 1
13:20:28.883 WARN  com.dukascopy.api.instrument.InstrumentParser - Unknown minimal trade amount for the instrument [EUR/DKK], using default - 1
13:20:28.883 WARN  com.dukascopy.api.instrument.InstrumentParser - Unknown trade amount increment for the instrument [EUR/HKD], using default - 1
13:20:28.883 WARN  com.dukascopy.api.instrument.InstrumentParser - Unknown minimal trade amount for the instrument [EUR/HKD], using default - 1
13:20:28.884 WARN  com.dukascopy.api.instrument.InstrumentParser - Unknown minimal trade amount for the instrument [EUR/CAD], using default - 1
13:20:28.884 WARN  com.dukascopy.api.instrument.InstrumentParser - Unknown trade amount increment for the instrument [USD/ZAR], using default - 1
13:20:28.884 WARN  com.dukascopy.api.instrument.InstrumentParser - Unknown minimal trade amount for the instrument [USD/ZAR], using default - 1
13:20:28.885 WARN  com.dukascopy.api.instrument.InstrumentParser - Unknown trade amount increment for the instrument [EUR/NOK], using default - 1
13:20:28.885 WARN  com.dukascopy.api.instrument.InstrumentParser - Unknown minimal trade amount for the instrument [EUR/NOK], using default - 1
13:20:28.885 WARN  com.dukascopy.api.instrument.InstrumentParser - Unknown trade amount increment for the instrument [USD/HKD], using default - 1
13:20:28.886 WARN  com.dukascopy.api.instrument.InstrumentParser - Unknown minimal trade amount for the instrument [USD/HKD], using default - 1
13:20:28.886 WARN  com.dukascopy.api.instrument.InstrumentParser - Unknown minimal trade amount for the instrument [EUR/AUD], using default - 1
13:20:28.886 WARN  com.dukascopy.api.instrument.InstrumentParser - Unknown trade amount increment for the instrument [USD/DKK], using default - 1
13:20:28.887 WARN  com.dukascopy.api.instrument.InstrumentParser - Unknown minimal trade amount for the instrument [USD/DKK], using default - 1
13:20:28.887 WARN  com.dukascopy.api.instrument.InstrumentParser - Unknown minimal trade amount for the instrument [GBP/CAD], using default - 1
13:20:28.888 WARN  com.dukascopy.api.instrument.InstrumentParser - Unknown minimal trade amount for the instrument [USD/CAD], using default - 1
13:20:28.888 WARN  com.dukascopy.api.instrument.InstrumentParser - Unknown trade amount increment for the instrument [SGD/JPY], using default - 1
13:20:28.888 WARN  com.dukascopy.api.instrument.InstrumentParser - Unknown minimal trade amount for the instrument [SGD/JPY], using default - 1
13:20:28.889 WARN  com.dukascopy.api.instrument.InstrumentParser - Unknown trade amount increment for the instrument [CAD/CHF], using default - 1
13:20:28.889 WARN  com.dukascopy.api.instrument.InstrumentParser - Unknown minimal trade amount for the instrument [CAD/CHF], using default - 1
13:20:28.889 WARN  com.dukascopy.api.instrument.InstrumentParser - Unknown trade amount increment for the instrument [EUR/TRY], using default - 1
13:20:28.889 WARN  com.dukascopy.api.instrument.InstrumentParser - Unknown minimal trade amount for the instrument [EUR/TRY], using default - 1
13:20:28.890 WARN  com.dukascopy.api.instrument.InstrumentParser - Unknown trade amount increment for the instrument [USD/TRY], using default - 1
13:20:28.890 WARN  com.dukascopy.api.instrument.InstrumentParser - Unknown minimal trade amount for the instrument [USD/TRY], using default - 1
13:20:28.890 WARN  com.dukascopy.api.instrument.InstrumentParser - Unknown minimal trade amount for the instrument [GBP/AUD], using default - 1
13:20:28.891 WARN  com.dukascopy.api.instrument.InstrumentParser - Unknown trade amount increment for the instrument [AUD/SGD], using default - 1
13:20:28.891 WARN  com.dukascopy.api.instrument.InstrumentParser - Unknown minimal trade amount for the instrument [AUD/SGD], using default - 1
13:20:28.891 WARN  com.dukascopy.api.instrument.InstrumentParser - Unknown minimal trade amount for the instrument [EUR/CHF], using default - 1
13:20:28.892 WARN  com.dukascopy.api.instrument.InstrumentParser - Unknown trade amount increment for the instrument [AUD/NZD], using default - 1
13:20:28.892 WARN  com.dukascopy.api.instrument.InstrumentParser - Unknown minimal trade amount for the instrument [AUD/NZD], using default - 1
13:20:28.892 WARN  com.dukascopy.api.instrument.InstrumentParser - Unknown trade amount increment for the instrument [EUS.IDX/EUR], using default - 1
13:20:28.893 WARN  com.dukascopy.api.instrument.InstrumentParser - Unknown trade amount increment for the instrument [USD/SGD], using default - 1
13:20:28.893 WARN  com.dukascopy.api.instrument.InstrumentParser - Unknown minimal trade amount for the instrument [USD/SGD], using default - 1
13:20:28.894 WARN  com.dukascopy.api.instrument.InstrumentParser - Unknown trade amount increment for the instrument [XAU/USD], using default - 1
13:20:28.895 WARN  com.dukascopy.api.instrument.InstrumentParser - Unknown minimal trade amount for the instrument [USD/CHF], using default - 1
13:20:28.895 WARN  com.dukascopy.api.instrument.InstrumentParser - Unknown minimal trade amount for the instrument [AUD/USD], using default - 1
13:20:28.896 WARN  com.dukascopy.api.instrument.InstrumentParser - Unknown trade amount increment for the instrument [NZD/JPY], using default - 1
13:20:28.896 WARN  com.dukascopy.api.instrument.InstrumentParser - Unknown minimal trade amount for the instrument [NZD/JPY], using default - 1
13:20:28.897 WARN  com.dukascopy.api.instrument.InstrumentParser - Unknown trade amount increment for the instrument [USD/MXN], using default - 1
13:20:28.897 WARN  com.dukascopy.api.instrument.InstrumentParser - Unknown minimal trade amount for the instrument [USD/MXN], using default - 1
13:20:28.898 WARN  com.dukascopy.api.instrument.InstrumentParser - Unknown trade amount increment for the instrument [EUR/SGD], using default - 1
13:20:28.898 WARN  com.dukascopy.api.instrument.InstrumentParser - Unknown minimal trade amount for the instrument [EUR/SGD], using default - 1
13:20:28.898 WARN  com.dukascopy.api.instrument.InstrumentParser - Unknown trade amount increment for the instrument [EUR/NZD], using default - 1
13:20:28.898 WARN  com.dukascopy.api.instrument.InstrumentParser - Unknown minimal trade amount for the instrument [EUR/NZD], using default - 1
13:20:28.899 WARN  com.dukascopy.api.instrument.InstrumentParser - Unknown trade amount increment for the instrument [CAD/HKD], using default - 1
13:20:28.899 WARN  com.dukascopy.api.instrument.InstrumentParser - Unknown minimal trade amount for the instrument [CAD/HKD], using default - 1
13:20:28.899 WARN  com.dukascopy.api.instrument.InstrumentParser - Unknown minimal trade amount for the instrument [GBP/CHF], using default - 1
13:20:28.900 WARN  com.dukascopy.api.instrument.InstrumentParser - Unknown minimal trade amount for the instrument [NZD/USD], using default - 1
13:20:28.900 WARN  com.dukascopy.api.instrument.InstrumentParser - Unknown trade amount increment for the instrument [USD/PLN], using default - 1
13:20:28.901 WARN  com.dukascopy.api.instrument.InstrumentParser - Unknown minimal trade amount for the instrument [USD/PLN], using default - 1
13:20:28.901 WARN  com.dukascopy.api.instrument.InstrumentParser - Unknown minimal trade amount for the instrument [USD/JPY], using default - 1
13:20:28.901 WARN  com.dukascopy.api.instrument.InstrumentParser - Unknown minimal trade amount for the instrument [GBP/NZD], using default - 1
13:20:28.902 WARN  com.dukascopy.api.instrument.InstrumentParser - Unknown trade amount increment for the instrument [CHF/JPY], using default - 1
13:20:28.902 WARN  com.dukascopy.api.instrument.InstrumentParser - Unknown minimal trade amount for the instrument [CHF/JPY], using default - 1
13:20:28.902 WARN  com.dukascopy.api.instrument.InstrumentParser - Unknown minimal trade amount for the instrument [EUR/USD], using default - 1
13:20:28.903 WARN  com.dukascopy.api.instrument.InstrumentParser - Unknown trade amount increment for the instrument [ESP.IDX/EUR], using default - 1
13:20:28.903 WARN  com.dukascopy.api.instrument.InstrumentParser - Unknown minimal trade amount for the instrument [GBP/USD], using default - 1
13:20:28.904 WARN  com.dukascopy.api.instrument.InstrumentParser - Unknown minimal trade amount for the instrument [EUR/JPY], using default - 1
13:20:28.904 WARN  com.dukascopy.api.instrument.InstrumentParser - Unknown trade amount increment for the instrument [EUR/PLN], using default - 1
13:20:28.904 WARN  com.dukascopy.api.instrument.InstrumentParser - Unknown minimal trade amount for the instrument [EUR/PLN], using default - 1
13:20:28.905 WARN  com.dukascopy.api.instrument.InstrumentParser - Unknown trade amount increment for the instrument [AUD/CHF], using default - 1
13:20:28.905 WARN  com.dukascopy.api.instrument.InstrumentParser - Unknown minimal trade amount for the instrument [AUD/CHF], using default - 1
13:20:28.906 WARN  com.dukascopy.api.instrument.InstrumentParser - Unknown trade amount increment for the instrument [XAG/USD], using default - 1
13:20:28.906 WARN  com.dukascopy.api.instrument.InstrumentParser - Unknown minimal trade amount for the instrument [EUR/GBP], using default - 1
13:20:28.907 WARN  com.dukascopy.api.instrument.InstrumentParser - Unknown minimal trade amount for the instrument [USD/RUB], using default - 1
13:20:28.907 WARN  com.dukascopy.api.instrument.InstrumentParser - Unknown minimal trade amount for the instrument [GBP/JPY], using default - 1
13:20:28.908 WARN  com.dukascopy.api.instrument.InstrumentParser - Unknown trade amount increment for the instrument [NZD/CHF], using default - 1
13:20:28.908 WARN  com.dukascopy.api.instrument.InstrumentParser - Unknown minimal trade amount for the instrument [NZD/CHF], using default - 1
13:20:28.908 WARN  com.dukascopy.api.instrument.InstrumentParser - Unknown trade amount increment for the instrument [USD/NOK], using default - 1
13:20:28.909 WARN  com.dukascopy.api.instrument.InstrumentParser - Unknown minimal trade amount for the instrument [USD/NOK], using default - 1
13:20:28.909 WARN  com.dukascopy.api.instrument.InstrumentParser - Unknown minimal trade amount for the instrument [CAD/JPY], using default - 1
13:20:28.909 WARN  com.dukascopy.api.instrument.InstrumentParser - Unknown trade amount increment for the instrument [CHF/SGD], using default - 1
13:20:28.909 WARN  com.dukascopy.api.instrument.InstrumentParser - Unknown minimal trade amount for the instrument [CHF/SGD], using default - 1
13:20:28.911 WARN  com.dukascopy.api.instrument.InstrumentParser - Unknown trade amount increment for the instrument [LIGHT.CMD/USD], using default - 1
13:20:28.911 WARN  com.dukascopy.api.instrument.InstrumentParser - Unknown trade amount increment for the instrument [AUD/CAD], using default - 1
13:20:28.912 WARN  com.dukascopy.api.instrument.InstrumentParser - Unknown minimal trade amount for the instrument [AUD/CAD], using default - 1
13:20:28.912 WARN  com.dukascopy.api.instrument.InstrumentParser - Unknown trade amount increment for the instrument [HKD/JPY], using default - 1
13:20:28.912 WARN  com.dukascopy.api.instrument.InstrumentParser - Unknown minimal trade amount for the instrument [HKD/JPY], using default - 1
13:20:28.912 WARN  com.dukascopy.api.instrument.InstrumentParser - Unknown trade amount increment for the instrument [AUS.IDX/AUD], using default - 1
13:20:28.913 WARN  com.dukascopy.api.instrument.InstrumentParser - Unknown trade amount increment for the instrument [EUR/SEK], using default - 1
13:20:28.913 WARN  com.dukascopy.api.instrument.InstrumentParser - Unknown minimal trade amount for the instrument [EUR/SEK], using default - 1
13:20:28.913 WARN  com.dukascopy.api.instrument.InstrumentParser - Unknown trade amount increment for the instrument [USD/SEK], using default - 1
13:20:28.914 WARN  com.dukascopy.api.instrument.InstrumentParser - Unknown minimal trade amount for the instrument [USD/SEK], using default - 1
13:20:28.914 WARN  com.dukascopy.api.instrument.InstrumentParser - Unknown trade amount increment for the instrument [USD/CNH], using default - 1
13:20:28.914 WARN  com.dukascopy.api.instrument.InstrumentParser - Unknown minimal trade amount for the instrument [USD/CNH], using default - 1
13:20:30.741 WARN  com.dukascopy.charts.data.datacache.CacheManager - Cannot delete lock file [C:\Users\Mel\AppData\Local\JForex\.cache\lock0.lck]
13:20:30.791 WARN  com.dukascopy.charts.data.datacache.FeedDataProvider - JStore is disabled for the current user
13:20:32.855 WARN  com.dukascopy.api.impl.connect.WLabelData - White Label Image is not received
13:20:39.708 WARN  com.dukascopy.api.impl.connect.WLabelData - White Label Image is not received
13:20:51.431 ERROR singlejartest.Main - C:\report.html (Accès refusé)
java.io.FileNotFoundException: C:\report.html (Accès refusé)
	at java.io.FileOutputStream.open0(Native Method)
	at java.io.FileOutputStream.open(FileOutputStream.java:270)
	at java.io.FileOutputStream.<init>(FileOutputStream.java:213)
	at java.io.FileOutputStream.<init>(FileOutputStream.java:162)
	at com.dukascopy.api.impl.connect.TesterClientImpl.createReport(TesterClientImpl.java:1586)
	at singlejartest.TesterMain$1.onStop(TesterMain.java:79)
	at com.dukascopy.api.impl.connect.TesterClientImpl$4.onStop(TesterClientImpl.java:636)
	at com.dukascopy.api.impl.connect.TesterClientImpl$TesterLoadingProgressListener.loadingFinished(TesterClientImpl.java:1824)
	at com.dukascopy.dds2.greed.agent.strategy.tester.StrategyRunner.run(StrategyRunner.java:487)
	at java.lang.Thread.run(Thread.java:745)
13:32:57.311 WARN  com.dukascopy.api.instrument.InstrumentParser - Unknown minimal trade amount for the instrument [AUD/JPY], using default - 1
13:32:57.334 WARN  com.dukascopy.api.instrument.InstrumentParser - Unknown trade amount increment for the instrument [NZD/CAD], using default - 1
13:32:57.334 WARN  com.dukascopy.api.instrument.InstrumentParser - Unknown minimal trade amount for the instrument [NZD/CAD], using default - 1
13:32:57.335 WARN  com.dukascopy.api.instrument.InstrumentParser - Unknown trade amount increment for the instrument [HKG.IDX/HKD], using default - 1
13:32:57.336 WARN  com.dukascopy.api.instrument.InstrumentParser - Unknown trade amount increment for the instrument [EUR/DKK], using default - 1
13:32:57.336 WARN  com.dukascopy.api.instrument.InstrumentParser - Unknown minimal trade amount for the instrument [EUR/DKK], using default - 1
13:32:57.336 WARN  com.dukascopy.api.instrument.InstrumentParser - Unknown trade amount increment for the instrument [EUR/HKD], using default - 1
13:32:57.337 WARN  com.dukascopy.api.instrument.InstrumentParser - Unknown minimal trade amount for the instrument [EUR/HKD], using default - 1
13:32:57.337 WARN  com.dukascopy.api.instrument.InstrumentParser - Unknown minimal trade amount for the instrument [EUR/CAD], using default - 1
13:32:57.337 WARN  com.dukascopy.api.instrument.InstrumentParser - Unknown trade amount increment for the instrument [USD/ZAR], using default - 1
13:32:57.339 WARN  com.dukascopy.api.instrument.InstrumentParser - Unknown minimal trade amount for the instrument [USD/ZAR], using default - 1
13:32:57.339 WARN  com.dukascopy.api.instrument.InstrumentParser - Unknown trade amount increment for the instrument [EUR/NOK], using default - 1
13:32:57.340 WARN  com.dukascopy.api.instrument.InstrumentParser - Unknown minimal trade amount for the instrument [EUR/NOK], using default - 1
13:32:57.340 WARN  com.dukascopy.api.instrument.InstrumentParser - Unknown trade amount increment for the instrument [USD/HKD], using default - 1
13:32:57.340 WARN  com.dukascopy.api.instrument.InstrumentParser - Unknown minimal trade amount for the instrument [USD/HKD], using default - 1
13:32:57.341 WARN  com.dukascopy.api.instrument.InstrumentParser - Unknown minimal trade amount for the instrument [EUR/AUD], using default - 1
13:32:57.341 WARN  com.dukascopy.api.instrument.InstrumentParser - Unknown trade amount increment for the instrument [USD/DKK], using default - 1
13:32:57.341 WARN  com.dukascopy.api.instrument.InstrumentParser - Unknown minimal trade amount for the instrument [USD/DKK], using default - 1
13:32:57.342 WARN  com.dukascopy.api.instrument.InstrumentParser - Unknown minimal trade amount for the instrument [GBP/CAD], using default - 1
13:32:57.342 WARN  com.dukascopy.api.instrument.InstrumentParser - Unknown minimal trade amount for the instrument [USD/CAD], using default - 1
13:32:57.342 WARN  com.dukascopy.api.instrument.InstrumentParser - Unknown trade amount increment for the instrument [SGD/JPY], using default - 1
13:32:57.343 WARN  com.dukascopy.api.instrument.InstrumentParser - Unknown minimal trade amount for the instrument [SGD/JPY], using default - 1
13:32:57.343 WARN  com.dukascopy.api.instrument.InstrumentParser - Unknown trade amount increment for the instrument [CAD/CHF], using default - 1
13:32:57.343 WARN  com.dukascopy.api.instrument.InstrumentParser - Unknown minimal trade amount for the instrument [CAD/CHF], using default - 1
13:32:57.344 WARN  com.dukascopy.api.instrument.InstrumentParser - Unknown trade amount increment for the instrument [EUR/TRY], using default - 1
13:32:57.344 WARN  com.dukascopy.api.instrument.InstrumentParser - Unknown minimal trade amount for the instrument [EUR/TRY], using default - 1
13:32:57.344 WARN  com.dukascopy.api.instrument.InstrumentParser - Unknown trade amount increment for the instrument [USD/TRY], using default - 1
13:32:57.345 WARN  com.dukascopy.api.instrument.InstrumentParser - Unknown minimal trade amount for the instrument [USD/TRY], using default - 1
13:32:57.345 WARN  com.dukascopy.api.instrument.InstrumentParser - Unknown minimal trade amount for the instrument [GBP/AUD], using default - 1
13:32:57.345 WARN  com.dukascopy.api.instrument.InstrumentParser - Unknown trade amount increment for the instrument [AUD/SGD], using default - 1
13:32:57.346 WARN  com.dukascopy.api.instrument.InstrumentParser - Unknown minimal trade amount for the instrument [AUD/SGD], using default - 1
13:32:57.346 WARN  com.dukascopy.api.instrument.InstrumentParser - Unknown minimal trade amount for the instrument [EUR/CHF], using default - 1
13:32:57.346 WARN  com.dukascopy.api.instrument.InstrumentParser - Unknown trade amount increment for the instrument [AUD/NZD], using default - 1
13:32:57.347 WARN  com.dukascopy.api.instrument.InstrumentParser - Unknown minimal trade amount for the instrument [AUD/NZD], using default - 1
13:32:57.347 WARN  com.dukascopy.api.instrument.InstrumentParser - Unknown trade amount increment for the instrument [EUS.IDX/EUR], using default - 1
13:32:57.348 WARN  com.dukascopy.api.instrument.InstrumentParser - Unknown trade amount increment for the instrument [USD/SGD], using default - 1
13:32:57.348 WARN  com.dukascopy.api.instrument.InstrumentParser - Unknown minimal trade amount for the instrument [USD/SGD], using default - 1
13:32:57.348 WARN  com.dukascopy.api.instrument.InstrumentParser - Unknown trade amount increment for the instrument [XAU/USD], using default - 1
13:32:57.349 WARN  com.dukascopy.api.instrument.InstrumentParser - Unknown minimal trade amount for the instrument [USD/CHF], using default - 1
13:32:57.349 WARN  com.dukascopy.api.instrument.InstrumentParser - Unknown minimal trade amount for the instrument [AUD/USD], using default - 1
13:32:57.349 WARN  com.dukascopy.api.instrument.InstrumentParser - Unknown trade amount increment for the instrument [NZD/JPY], using default - 1
13:32:57.350 WARN  com.dukascopy.api.instrument.InstrumentParser - Unknown minimal trade amount for the instrument [NZD/JPY], using default - 1
13:32:57.350 WARN  com.dukascopy.api.instrument.InstrumentParser - Unknown trade amount increment for the instrument [USD/MXN], using default - 1
13:32:57.350 WARN  com.dukascopy.api.instrument.InstrumentParser - Unknown minimal trade amount for the instrument [USD/MXN], using default - 1
13:32:57.351 WARN  com.dukascopy.api.instrument.InstrumentParser - Unknown trade amount increment for the instrument [EUR/SGD], using default - 1
13:32:57.351 WARN  com.dukascopy.api.instrument.InstrumentParser - Unknown minimal trade amount for the instrument [EUR/SGD], using default - 1
13:32:57.351 WARN  com.dukascopy.api.instrument.InstrumentParser - Unknown trade amount increment for the instrument [EUR/NZD], using default - 1
13:32:57.352 WARN  com.dukascopy.api.instrument.InstrumentParser - Unknown minimal trade amount for the instrument [EUR/NZD], using default - 1
13:32:57.352 WARN  com.dukascopy.api.instrument.InstrumentParser - Unknown trade amount increment for the instrument [CAD/HKD], using default - 1
13:32:57.352 WARN  com.dukascopy.api.instrument.InstrumentParser - Unknown minimal trade amount for the instrument [CAD/HKD], using default - 1
13:32:57.352 WARN  com.dukascopy.api.instrument.InstrumentParser - Unknown minimal trade amount for the instrument [GBP/CHF], using default - 1
13:32:57.353 WARN  com.dukascopy.api.instrument.InstrumentParser - Unknown minimal trade amount for the instrument [NZD/USD], using default - 1
13:32:57.353 WARN  com.dukascopy.api.instrument.InstrumentParser - Unknown trade amount increment for the instrument [USD/PLN], using default - 1
13:32:57.354 WARN  com.dukascopy.api.instrument.InstrumentParser - Unknown minimal trade amount for the instrument [USD/PLN], using default - 1
13:32:57.354 WARN  com.dukascopy.api.instrument.InstrumentParser - Unknown minimal trade amount for the instrument [USD/JPY], using default - 1
13:32:57.354 WARN  com.dukascopy.api.instrument.InstrumentParser - Unknown minimal trade amount for the instrument [GBP/NZD], using default - 1
13:32:57.355 WARN  com.dukascopy.api.instrument.InstrumentParser - Unknown trade amount increment for the instrument [CHF/JPY], using default - 1
13:32:57.355 WARN  com.dukascopy.api.instrument.InstrumentParser - Unknown minimal trade amount for the instrument [CHF/JPY], using default - 1
13:32:57.356 WARN  com.dukascopy.api.instrument.InstrumentParser - Unknown minimal trade amount for the instrument [EUR/USD], using default - 1
13:32:57.356 WARN  com.dukascopy.api.instrument.InstrumentParser - Unknown trade amount increment for the instrument [ESP.IDX/EUR], using default - 1
13:32:57.357 WARN  com.dukascopy.api.instrument.InstrumentParser - Unknown minimal trade amount for the instrument [GBP/USD], using default - 1
13:32:57.357 WARN  com.dukascopy.api.instrument.InstrumentParser - Unknown minimal trade amount for the instrument [EUR/JPY], using default - 1
13:32:57.357 WARN  com.dukascopy.api.instrument.InstrumentParser - Unknown trade amount increment for the instrument [EUR/PLN], using default - 1
13:32:57.357 WARN  com.dukascopy.api.instrument.InstrumentParser - Unknown minimal trade amount for the instrument [EUR/PLN], using default - 1
13:32:57.358 WARN  com.dukascopy.api.instrument.InstrumentParser - Unknown trade amount increment for the instrument [AUD/CHF], using default - 1
13:32:57.358 WARN  com.dukascopy.api.instrument.InstrumentParser - Unknown minimal trade amount for the instrument [AUD/CHF], using default - 1
13:32:57.358 WARN  com.dukascopy.api.instrument.InstrumentParser - Unknown trade amount increment for the instrument [XAG/USD], using default - 1
13:32:57.359 WARN  com.dukascopy.api.instrument.InstrumentParser - Unknown minimal trade amount for the instrument [EUR/GBP], using default - 1
13:32:57.359 WARN  com.dukascopy.api.instrument.InstrumentParser - Unknown minimal trade amount for the instrument [USD/RUB], using default - 1
13:32:57.359 WARN  com.dukascopy.api.instrument.InstrumentParser - Unknown minimal trade amount for the instrument [GBP/JPY], using default - 1
13:32:57.360 WARN  com.dukascopy.api.instrument.InstrumentParser - Unknown trade amount increment for the instrument [NZD/CHF], using default - 1
13:32:57.360 WARN  com.dukascopy.api.instrument.InstrumentParser - Unknown minimal trade amount for the instrument [NZD/CHF], using default - 1
13:32:57.360 WARN  com.dukascopy.api.instrument.InstrumentParser - Unknown trade amount increment for the instrument [USD/NOK], using default - 1
13:32:57.360 WARN  com.dukascopy.api.instrument.InstrumentParser - Unknown minimal trade amount for the instrument [USD/NOK], using default - 1
13:32:57.361 WARN  com.dukascopy.api.instrument.InstrumentParser - Unknown minimal trade amount for the instrument [CAD/JPY], using default - 1
13:32:57.361 WARN  com.dukascopy.api.instrument.InstrumentParser - Unknown trade amount increment for the instrument [CHF/SGD], using default - 1
13:32:57.361 WARN  com.dukascopy.api.instrument.InstrumentParser - Unknown minimal trade amount for the instrument [CHF/SGD], using default - 1
13:32:57.362 WARN  com.dukascopy.api.instrument.InstrumentParser - Unknown trade amount increment for the instrument [LIGHT.CMD/USD], using default - 1
13:32:57.362 WARN  com.dukascopy.api.instrument.InstrumentParser - Unknown trade amount increment for the instrument [AUD/CAD], using default - 1
13:32:57.362 WARN  com.dukascopy.api.instrument.InstrumentParser - Unknown minimal trade amount for the instrument [AUD/CAD], using default - 1
13:32:57.363 WARN  com.dukascopy.api.instrument.InstrumentParser - Unknown trade amount increment for the instrument [HKD/JPY], using default - 1
13:32:57.363 WARN  com.dukascopy.api.instrument.InstrumentParser - Unknown minimal trade amount for the instrument [HKD/JPY], using default - 1
13:32:57.363 WARN  com.dukascopy.api.instrument.InstrumentParser - Unknown trade amount increment for the instrument [AUS.IDX/AUD], using default - 1
13:32:57.364 WARN  com.dukascopy.api.instrument.InstrumentParser - Unknown trade amount increment for the instrument [EUR/SEK], using default - 1
13:32:57.364 WARN  com.dukascopy.api.instrument.InstrumentParser - Unknown minimal trade amount for the instrument [EUR/SEK], using default - 1
13:32:57.365 WARN  com.dukascopy.api.instrument.InstrumentParser - Unknown trade amount increment for the instrument [USD/SEK], using default - 1
13:32:57.365 WARN  com.dukascopy.api.instrument.InstrumentParser - Unknown minimal trade amount for the instrument [USD/SEK], using default - 1
13:32:57.366 WARN  com.dukascopy.api.instrument.InstrumentParser - Unknown trade amount increment for the instrument [USD/CNH], using default - 1
13:32:57.366 WARN  com.dukascopy.api.instrument.InstrumentParser - Unknown minimal trade amount for the instrument [USD/CNH], using default - 1
13:33:00.180 WARN  com.dukascopy.api.impl.connect.WLabelData - White Label Image is not received
13:33:00.667 ERROR com.dukascopy.dds2.greed.market.LiveCurrencyMarketProcessingThread - Cannot create the liveCurrencyMarketWatcherThread, the properties is null.
13:40:15.094 WARN  com.dukascopy.api.instrument.InstrumentParser - Unknown minimal trade amount for the instrument [AUD/JPY], using default - 1
13:40:15.098 WARN  com.dukascopy.api.instrument.InstrumentParser - Unknown trade amount increment for the instrument [NZD/CAD], using default - 1
13:40:15.098 WARN  com.dukascopy.api.instrument.InstrumentParser - Unknown minimal trade amount for the instrument [NZD/CAD], using default - 1
13:40:15.098 WARN  com.dukascopy.api.instrument.InstrumentParser - Unknown trade amount increment for the instrument [HKG.IDX/HKD], using default - 1
13:40:15.099 WARN  com.dukascopy.api.instrument.InstrumentParser - Unknown trade amount increment for the instrument [EUR/DKK], using default - 1
13:40:15.100 WARN  com.dukascopy.api.instrument.InstrumentParser - Unknown minimal trade amount for the instrument [EUR/DKK], using default - 1
13:40:15.100 WARN  com.dukascopy.api.instrument.InstrumentParser - Unknown trade amount increment for the instrument [EUR/HKD], using default - 1
13:40:15.100 WARN  com.dukascopy.api.instrument.InstrumentParser - Unknown minimal trade amount for the instrument [EUR/HKD], using default - 1
13:40:15.101 WARN  com.dukascopy.api.instrument.InstrumentParser - Unknown minimal trade amount for the instrument [EUR/CAD], using default - 1
13:40:15.101 WARN  com.dukascopy.api.instrument.InstrumentParser - Unknown trade amount increment for the instrument [USD/ZAR], using default - 1
13:40:15.101 WARN  com.dukascopy.api.instrument.InstrumentParser - Unknown minimal trade amount for the instrument [USD/ZAR], using default - 1
13:40:15.102 WARN  com.dukascopy.api.instrument.InstrumentParser - Unknown trade amount increment for the instrument [EUR/NOK], using default - 1
13:40:15.102 WARN  com.dukascopy.api.instrument.InstrumentParser - Unknown minimal trade amount for the instrument [EUR/NOK], using default - 1
13:40:15.102 WARN  com.dukascopy.api.instrument.InstrumentParser - Unknown trade amount increment for the instrument [USD/HKD], using default - 1
13:40:15.102 WARN  com.dukascopy.api.instrument.InstrumentParser - Unknown minimal trade amount for the instrument [USD/HKD], using default - 1
13:40:15.103 WARN  com.dukascopy.api.instrument.InstrumentParser - Unknown minimal trade amount for the instrument [EUR/AUD], using default - 1
13:40:15.103 WARN  com.dukascopy.api.instrument.InstrumentParser - Unknown trade amount increment for the instrument [USD/DKK], using default - 1
13:40:15.104 WARN  com.dukascopy.api.instrument.InstrumentParser - Unknown minimal trade amount for the instrument [USD/DKK], using default - 1
13:40:15.104 WARN  com.dukascopy.api.instrument.InstrumentParser - Unknown minimal trade amount for the instrument [GBP/CAD], using default - 1
13:40:15.104 WARN  com.dukascopy.api.instrument.InstrumentParser - Unknown minimal trade amount for the instrument [USD/CAD], using default - 1
13:40:15.105 WARN  com.dukascopy.api.instrument.InstrumentParser - Unknown trade amount increment for the instrument [SGD/JPY], using default - 1
13:40:15.105 WARN  com.dukascopy.api.instrument.InstrumentParser - Unknown minimal trade amount for the instrument [SGD/JPY], using default - 1
13:40:15.105 WARN  com.dukascopy.api.instrument.InstrumentParser - Unknown trade amount increment for the instrument [CAD/CHF], using default - 1
13:40:15.106 WARN  com.dukascopy.api.instrument.InstrumentParser - Unknown minimal trade amount for the instrument [CAD/CHF], using default - 1
13:40:15.106 WARN  com.dukascopy.api.instrument.InstrumentParser - Unknown trade amount increment for the instrument [EUR/TRY], using default - 1
13:40:15.106 WARN  com.dukascopy.api.instrument.InstrumentParser - Unknown minimal trade amount for the instrument [EUR/TRY], using default - 1
13:40:15.106 WARN  com.dukascopy.api.instrument.InstrumentParser - Unknown trade amount increment for the instrument [USD/TRY], using default - 1
13:40:15.107 WARN  com.dukascopy.api.instrument.InstrumentParser - Unknown minimal trade amount for the instrument [USD/TRY], using default - 1
13:40:15.107 WARN  com.dukascopy.api.instrument.InstrumentParser - Unknown minimal trade amount for the instrument [GBP/AUD], using default - 1
13:40:15.107 WARN  com.dukascopy.api.instrument.InstrumentParser - Unknown trade amount increment for the instrument [AUD/SGD], using default - 1
13:40:15.108 WARN  com.dukascopy.api.instrument.InstrumentParser - Unknown minimal trade amount for the instrument [AUD/SGD], using default - 1
13:40:15.108 WARN  com.dukascopy.api.instrument.InstrumentParser - Unknown minimal trade amount for the instrument [EUR/CHF], using default - 1
13:40:15.108 WARN  com.dukascopy.api.instrument.InstrumentParser - Unknown trade amount increment for the instrument [AUD/NZD], using default - 1
13:40:15.109 WARN  com.dukascopy.api.instrument.InstrumentParser - Unknown minimal trade amount for the instrument [AUD/NZD], using default - 1
13:40:15.109 WARN  com.dukascopy.api.instrument.InstrumentParser - Unknown trade amount increment for the instrument [EUS.IDX/EUR], using default - 1
13:40:15.109 WARN  com.dukascopy.api.instrument.InstrumentParser - Unknown trade amount increment for the instrument [USD/SGD], using default - 1
13:40:15.110 WARN  com.dukascopy.api.instrument.InstrumentParser - Unknown minimal trade amount for the instrument [USD/SGD], using default - 1
13:40:15.110 WARN  com.dukascopy.api.instrument.InstrumentParser - Unknown trade amount increment for the instrument [XAU/USD], using default - 1
13:40:15.111 WARN  com.dukascopy.api.instrument.InstrumentParser - Unknown minimal trade amount for the instrument [USD/CHF], using default - 1
13:40:15.111 WARN  com.dukascopy.api.instrument.InstrumentParser - Unknown minimal trade amount for the instrument [AUD/USD], using default - 1
13:40:15.111 WARN  com.dukascopy.api.instrument.InstrumentParser - Unknown trade amount increment for the instrument [NZD/JPY], using default - 1
13:40:15.112 WARN  com.dukascopy.api.instrument.InstrumentParser - Unknown minimal trade amount for the instrument [NZD/JPY], using default - 1
13:40:15.112 WARN  com.dukascopy.api.instrument.InstrumentParser - Unknown trade amount increment for the instrument [USD/MXN], using default - 1
13:40:15.112 WARN  com.dukascopy.api.instrument.InstrumentParser - Unknown minimal trade amount for the instrument [USD/MXN], using default - 1
13:40:15.113 WARN  com.dukascopy.api.instrument.InstrumentParser - Unknown trade amount increment for the instrument [EUR/SGD], using default - 1
13:40:15.113 WARN  com.dukascopy.api.instrument.InstrumentParser - Unknown minimal trade amount for the instrument [EUR/SGD], using default - 1
13:40:15.113 WARN  com.dukascopy.api.instrument.InstrumentParser - Unknown trade amount increment for the instrument [EUR/NZD], using default - 1
13:40:15.114 WARN  com.dukascopy.api.instrument.InstrumentParser - Unknown minimal trade amount for the instrument [EUR/NZD], using default - 1
13:40:15.114 WARN  com.dukascopy.api.instrument.InstrumentParser - Unknown trade amount increment for the instrument [CAD/HKD], using default - 1
13:40:15.114 WARN  com.dukascopy.api.instrument.InstrumentParser - Unknown minimal trade amount for the instrument [CAD/HKD], using default - 1
13:40:15.115 WARN  com.dukascopy.api.instrument.InstrumentParser - Unknown minimal trade amount for the instrument [GBP/CHF], using default - 1
13:40:15.115 WARN  com.dukascopy.api.instrument.InstrumentParser - Unknown minimal trade amount for the instrument [NZD/USD], using default - 1
13:40:15.115 WARN  com.dukascopy.api.instrument.InstrumentParser - Unknown trade amount increment for the instrument [USD/PLN], using default - 1
13:40:15.116 WARN  com.dukascopy.api.instrument.InstrumentParser - Unknown minimal trade amount for the instrument [USD/PLN], using default - 1
13:40:15.117 WARN  com.dukascopy.api.instrument.InstrumentParser - Unknown minimal trade amount for the instrument [USD/JPY], using default - 1
13:40:15.117 WARN  com.dukascopy.api.instrument.InstrumentParser - Unknown minimal trade amount for the instrument [GBP/NZD], using default - 1
13:40:15.118 WARN  com.dukascopy.api.instrument.InstrumentParser - Unknown trade amount increment for the instrument [CHF/JPY], using default - 1
13:40:15.118 WARN  com.dukascopy.api.instrument.InstrumentParser - Unknown minimal trade amount for the instrument [CHF/JPY], using default - 1
13:40:15.119 WARN  com.dukascopy.api.instrument.InstrumentParser - Unknown minimal trade amount for the instrument [EUR/USD], using default - 1
13:40:15.119 WARN  com.dukascopy.api.instrument.InstrumentParser - Unknown trade amount increment for the instrument [ESP.IDX/EUR], using default - 1
13:40:15.120 WARN  com.dukascopy.api.instrument.InstrumentParser - Unknown minimal trade amount for the instrument [GBP/USD], using default - 1
13:40:15.120 WARN  com.dukascopy.api.instrument.InstrumentParser - Unknown minimal trade amount for the instrument [EUR/JPY], using default - 1
13:40:15.120 WARN  com.dukascopy.api.instrument.InstrumentParser - Unknown trade amount increment for the instrument [EUR/PLN], using default - 1
13:40:15.121 WARN  com.dukascopy.api.instrument.InstrumentParser - Unknown minimal trade amount for the instrument [EUR/PLN], using default - 1
13:40:15.121 WARN  com.dukascopy.api.instrument.InstrumentParser - Unknown trade amount increment for the instrument [AUD/CHF], using default - 1
13:40:15.121 WARN  com.dukascopy.api.instrument.InstrumentParser - Unknown minimal trade amount for the instrument [AUD/CHF], using default - 1
13:40:15.122 WARN  com.dukascopy.api.instrument.InstrumentParser - Unknown trade amount increment for the instrument [XAG/USD], using default - 1
13:40:15.122 WARN  com.dukascopy.api.instrument.InstrumentParser - Unknown minimal trade amount for the instrument [EUR/GBP], using default - 1
13:40:15.123 WARN  com.dukascopy.api.instrument.InstrumentParser - Unknown minimal trade amount for the instrument [USD/RUB], using default - 1
13:40:15.124 WARN  com.dukascopy.api.instrument.InstrumentParser - Unknown minimal trade amount for the instrument [GBP/JPY], using default - 1
13:40:15.125 WARN  com.dukascopy.api.instrument.InstrumentParser - Unknown trade amount increment for the instrument [NZD/CHF], using default - 1
13:40:15.125 WARN  com.dukascopy.api.instrument.InstrumentParser - Unknown minimal trade amount for the instrument [NZD/CHF], using default - 1
13:40:15.125 WARN  com.dukascopy.api.instrument.InstrumentParser - Unknown trade amount increment for the instrument [USD/NOK], using default - 1
13:40:15.125 WARN  com.dukascopy.api.instrument.InstrumentParser - Unknown minimal trade amount for the instrument [USD/NOK], using default - 1
13:40:15.126 WARN  com.dukascopy.api.instrument.InstrumentParser - Unknown minimal trade amount for the instrument [CAD/JPY], using default - 1
13:40:15.126 WARN  com.dukascopy.api.instrument.InstrumentParser - Unknown trade amount increment for the instrument [CHF/SGD], using default - 1
13:40:15.127 WARN  com.dukascopy.api.instrument.InstrumentParser - Unknown minimal trade amount for the instrument [CHF/SGD], using default - 1
13:40:15.127 WARN  com.dukascopy.api.instrument.InstrumentParser - Unknown trade amount increment for the instrument [LIGHT.CMD/USD], using default - 1
13:40:15.128 WARN  com.dukascopy.api.instrument.InstrumentParser - Unknown trade amount increment for the instrument [AUD/CAD], using default - 1
13:40:15.128 WARN  com.dukascopy.api.instrument.InstrumentParser - Unknown minimal trade amount for the instrument [AUD/CAD], using default - 1
13:40:15.128 WARN  com.dukascopy.api.instrument.InstrumentParser - Unknown trade amount increment for the instrument [HKD/JPY], using default - 1
13:40:15.128 WARN  com.dukascopy.api.instrument.InstrumentParser - Unknown minimal trade amount for the instrument [HKD/JPY], using default - 1
13:40:15.129 WARN  com.dukascopy.api.instrument.InstrumentParser - Unknown trade amount increment for the instrument [AUS.IDX/AUD], using default - 1
13:40:15.129 WARN  com.dukascopy.api.instrument.InstrumentParser - Unknown trade amount increment for the instrument [EUR/SEK], using default - 1
13:40:15.129 WARN  com.dukascopy.api.instrument.InstrumentParser - Unknown minimal trade amount for the instrument [EUR/SEK], using default - 1
13:40:15.129 WARN  com.dukascopy.api.instrument.InstrumentParser - Unknown trade amount increment for the instrument [USD/SEK], using default - 1
13:40:15.130 WARN  com.dukascopy.api.instrument.InstrumentParser - Unknown minimal trade amount for the instrument [USD/SEK], using default - 1
13:40:15.130 WARN  com.dukascopy.api.instrument.InstrumentParser - Unknown trade amount increment for the instrument [USD/CNH], using default - 1
13:40:15.130 WARN  com.dukascopy.api.instrument.InstrumentParser - Unknown minimal trade amount for the instrument [USD/CNH], using default - 1
13:40:16.292 WARN  com.dukascopy.charts.data.datacache.FeedDataProvider - JStore is disabled for the current user
13:40:18.677 WARN  com.dukascopy.api.impl.connect.WLabelData - White Label Image is not received
13:40:22.543 WARN  com.dukascopy.api.impl.connect.WLabelData - White Label Image is not received
13:40:31.852 ERROR singlejartest.Main - C:\report.html (Accès refusé)
java.io.FileNotFoundException: C:\report.html (Accès refusé)
	at java.io.FileOutputStream.open0(Native Method)
	at java.io.FileOutputStream.open(FileOutputStream.java:270)
	at java.io.FileOutputStream.<init>(FileOutputStream.java:213)
	at java.io.FileOutputStream.<init>(FileOutputStream.java:162)
	at com.dukascopy.api.impl.connect.TesterClientImpl.createReport(TesterClientImpl.java:1586)
	at singlejartest.TesterMain$1.onStop(TesterMain.java:80)
	at com.dukascopy.api.impl.connect.TesterClientImpl$4.onStop(TesterClientImpl.java:636)
	at com.dukascopy.api.impl.connect.TesterClientImpl$TesterLoadingProgressListener.loadingFinished(TesterClientImpl.java:1824)
	at com.dukascopy.dds2.greed.agent.strategy.tester.StrategyRunner.run(StrategyRunner.java:487)
	at java.lang.Thread.run(Thread.java:745)
